Starting build...
Deleting previous output files
Launching Assembler
Java RUNTIME version used for PSC microcode is : 1.8.0_481
Java BUILD version used for PSC microcode is : 1.6.0_18
Using default Syntax file: config\syntax.xml Version: 1.8 for Device: MC33816
Compiling source from source file : D:\Work\Development\NXP\KIT33816\src\SPIGen\MicrocodeCh1\ch1.psc
Cipher with NFSR : B6D552EFC9509336FA8A , LFSR : 885B4CC5BEE23AF887D5
Binary CRC MSB : 0101000000011100, LSB : 1100111111011101
Hex CRC    MSB : 0x501C, LSB : 0xCFDD
Assembly completed with success.
Launching Assembler
Java RUNTIME version used for PSC microcode is : 1.8.0_481
Java BUILD version used for PSC microcode is : 1.6.0_18
Using default Syntax file: config\syntax.xml Version: 1.8 for Device: MC33816
Compiling source from source file : D:\Work\Development\NXP\KIT33816\src\SPIGen\MicrocodeCh2\ch2.psc
Cipher with NFSR : B6D552EFC9509336FA8A , LFSR : 885B4CC5BEE23AF887D5
Binary CRC MSB : 0100101111000100, LSB : 1110111110011010
Hex CRC    MSB : 0x4BC4, LSB : 0xEF9A
Assembly completed with success.
Successfully created SPIGen load file
D:\Work\Development\NXP\KIT33816\src\SPIGen\SPIGenMC33816Files.txt
Checksum and code width set for ch1 and ch2.
Channel 1 uc0 entry point register was set.
Channel 1 uc1 entry point register was set.
Channel 1 uc0 sw int address label was not found.
Channel 1 uc1 sw int address label was not found.
Channel 1 uc0 diag routine address register was set.
Channel 2 uc0 entry point register was set.
Channel 2 uc1 entry point register was set.